#
# There is insufficient memory for the Java Runtime Environment to continue.
# Native memory allocation (mmap) failed to map 266338304 bytes for G1 virtual space
# Possible reasons:
#   The system is out of physical RAM or swap space
#   The process is running with CompressedOops enabled, and the Java Heap may be blocking the growth of the native heap
# Possible solutions:
#   Reduce memory load on the system
#   Increase physical memory or swap space
#   Check if swap backing store is full
#   Decrease Java heap size (-Xmx/-Xms)
#   Decrease number of Java threads
#   Decrease Java thread stack sizes (-Xss)
#   Set larger code cache with -XX:ReservedCodeCacheSize=
#   JVM is running with Zero Based Compressed Oops mode in which the Java heap is
#     placed in the first 32GB address space. The Java Heap base address is the
#     maximum limit for the native heap growth. Please use -XX:HeapBaseMinAddress
#     to set the Java Heap base and to place the Java Heap above 32GB virtual address.
# This output file may be truncated or incomplete.
#
#  Out of Memory Error (os_windows.cpp:3535), pid=80648, tid=108116
#
# JRE version:  (17.0.3.1+2) (build )
# Java VM: Java HotSpot(TM) 64-Bit Server VM (17.0.3.1+2-LTS-6, mixed mode, sharing, tiered, compressed oops, compressed class ptrs, g1 gc, windows-amd64)
# No core dump will be written. Minidumps are not enabled by default on client versions of Windows
#

---------------  S U M M A R Y ------------

Command Line: -javaagent:D:\ideaIC-2022.1.win\lib\idea_rt.jar=61421:D:\ideaIC-2022.1.win\bin -Dfile.encoding=UTF-8 com.itheima.App

Host: Intel(R) Core(TM) i5-10210U CPU @ 1.60GHz, 8 cores, 15G,  Windows 10 , 64 bit Build 19041 (10.0.19041.1889)
Time: Sat Aug 27 16:28:05 2022  Windows 10 , 64 bit Build 19041 (10.0.19041.1889) elapsed time: 0.013828 seconds (0d 0h 0m 0s)

---------------  T H R E A D  ---------------

Current thread (0x00000244dff38e00):  JavaThread "Unknown thread" [_thread_in_vm, id=108116, stack(0x0000008329500000,0x0000008329600000)]

Stack: [0x0000008329500000,0x0000008329600000]
Native frames: (J=compiled Java code, j=interpreted, Vv=VM code, C=native code)
V  [jvm.dll+0x6711ba]
V  [jvm.dll+0x7d0834]
V  [jvm.dll+0x7d1fde]
V  [jvm.dll+0x7d2643]
V  [jvm.dll+0x242c85]
V  [jvm.dll+0x66e0d9]
V  [jvm.dll+0x662a22]
V  [jvm.dll+0x300ddb]
V  [jvm.dll+0x308376]
V  [jvm.dll+0x357f7e]
V  [jvm.dll+0x3581af]
V  [jvm.dll+0x2d7ff8]
V  [jvm.dll+0x2d8f64]
V  [jvm.dll+0x7a2411]
V  [jvm.dll+0x365d01]
V  [jvm.dll+0x78187c]
V  [jvm.dll+0x3e873f]
V  [jvm.dll+0x3ea1e1]
C  [jli.dll+0x527b]
C  [ucrtbase.dll+0x21bb2]
C  [KERNEL32.DLL+0x17034]
C  [ntdll.dll+0x52651]


---------------  P R O C E S S  ---------------

Threads class SMR info:
_java_thread_list=0x00007ffe8ec89858, length=0, elements={
}

Java Threads: ( => current thread )

Other Threads:
  0x00000244dffa2960 GCTaskThread "GC Thread#0" [stack: 0x0000008329600000,0x0000008329700000] [id=106676]
  0x00000244dffb34b0 ConcurrentGCThread "G1 Main Marker" [stack: 0x0000008329700000,0x0000008329800000] [id=91128]
  0x00000244dffb3ec0 ConcurrentGCThread "G1 Conc#0" [stack: 0x0000008329800000,0x0000008329900000] [id=57272]

[error occurred during error reporting (printing all threads), id 0xc0000005, EXCEPTION_ACCESS_VIOLATION (0xc0000005) at pc=0x00007ffe8e4d89e7]

VM state: not at safepoint (not fully initialized)

VM Mutex/Monitor currently owned by a thread:  ([mutex/lock_event])
[0x00000244dff334c0] Heap_lock - owner thread: 0x00000244dff38e00

Heap address: 0x0000000703e00000, size: 4034 MB, Compressed Oops mode: Zero based, Oop shift amount: 3

CDS archive(s) mapped at: [0x0000000000000000-0x0000000000000000-0x0000000000000000), size 0, SharedBaseAddress: 0x0000000800000000, ArchiveRelocationMode: 0.
Narrow klass base: 0x0000000000000000, Narrow klass shift: 0, Narrow klass range: 0x0

GC Precious Log:
<Empty>

Heap:
 garbage-first heap   total 0K, used 0K [0x0000000703e00000, 0x0000000800000000)
  region size 2048K, 0 young (0K), 0 survivors (0K)

[error occurred during error reporting (printing heap information), id 0xc0000005, EXCEPTION_ACCESS_VIOLATION (0xc0000005) at pc=0x00007ffe8e8ba629]

GC Heap History (0 events):
No events

Deoptimization events (0 events):
No events

Classes unloaded (0 events):
No events

Classes redefined (0 events):
No events

Internal exceptions (0 events):
No events

VM Operations (0 events):
No events

Events (1 events):
Event: 0.008 Loaded shared library D:\jdk-17.0.3.1\bin\java.dll


Dynamic libraries:
0x00007ff6ad270000 - 0x00007ff6ad280000 	D:\jdk-17.0.3.1\bin\java.exe
0x00007ffecf530000 - 0x00007ffecf728000 	C:\windows\SYSTEM32\ntdll.dll
0x00007ffecf330000 - 0x00007ffecf3ed000 	C:\windows\System32\KERNEL32.DLL
0x00007ffeccc50000 - 0x00007ffeccf1e000 	C:\windows\System32\KERNELBASE.dll
0x00007ffecd1f0000 - 0x00007ffecd2f0000 	C:\windows\System32\ucrtbase.dll
0x00007ffeb6080000 - 0x00007ffeb6098000 	D:\jdk-17.0.3.1\bin\jli.dll
0x00007ffea9b10000 - 0x00007ffea9b2a000 	D:\jdk-17.0.3.1\bin\VCRUNTIME140.dll
0x00007ffece200000 - 0x00007ffece2ae000 	C:\windows\System32\ADVAPI32.dll
0x00007ffecf000000 - 0x00007ffecf09e000 	C:\windows\System32\msvcrt.dll
0x00007ffecf450000 - 0x00007ffecf4ec000 	C:\windows\System32\sechost.dll
0x00007ffecf0a0000 - 0x00007ffecf1c5000 	C:\windows\System32\RPCRT4.dll
0x00007ffecdc20000 - 0x00007ffecddc0000 	C:\windows\System32\USER32.dll
0x00007ffeccf20000 - 0x00007ffeccf42000 	C:\windows\System32\win32u.dll
0x00007ffecf1d0000 - 0x00007ffecf1fa000 	C:\windows\System32\GDI32.dll
0x00007ffeb6170000 - 0x00007ffeb640a000 	C:\windows\WinSxS\amd64_microsoft.windows.common-controls_6595b64144ccf1df_6.0.19041.1110_none_60b5254171f9507e\COMCTL32.dll
0x00007ffeccfe0000 - 0x00007ffecd0eb000 	C:\windows\System32\gdi32full.dll
0x00007ffecd360000 - 0x00007ffecd3fd000 	C:\windows\System32\msvcp_win.dll
0x00007ffec5bd0000 - 0x00007ffec5bda000 	C:\windows\SYSTEM32\VERSION.dll
0x00007ffecec10000 - 0x00007ffecec40000 	C:\windows\System32\IMM32.DLL
0x00007ffec2d30000 - 0x00007ffec2d3c000 	D:\jdk-17.0.3.1\bin\vcruntime140_1.dll
0x00007ffe9cfa0000 - 0x00007ffe9d02d000 	D:\jdk-17.0.3.1\bin\msvcp140.dll
0x00007ffe8e1f0000 - 0x00007ffe8edb0000 	D:\jdk-17.0.3.1\bin\server\jvm.dll
0x00007ffeceff0000 - 0x00007ffeceff8000 	C:\windows\System32\PSAPI.DLL
0x00007ffea94d0000 - 0x00007ffea94f7000 	C:\windows\SYSTEM32\WINMM.dll
0x00007ffeb54b0000 - 0x00007ffeb54b9000 	C:\windows\SYSTEM32\WSOCK32.dll
0x00007ffece330000 - 0x00007ffece39b000 	C:\windows\System32\WS2_32.dll
0x00007ffecb4a0000 - 0x00007ffecb4b2000 	C:\windows\SYSTEM32\kernel.appcore.dll
0x00007ffeb6af0000 - 0x00007ffeb6afa000 	D:\jdk-17.0.3.1\bin\jimage.dll
0x00007ffeca880000 - 0x00007ffecaa64000 	C:\windows\SYSTEM32\DBGHELP.DLL
0x00007ffeade00000 - 0x00007ffeade2c000 	C:\windows\SYSTEM32\dbgcore.DLL
0x00007ffeccf50000 - 0x00007ffeccfd2000 	C:\windows\System32\bcryptPrimitives.dll
0x00007ffec5960000 - 0x00007ffec596e000 	D:\jdk-17.0.3.1\bin\instrument.dll
0x00007ffe9d6b0000 - 0x00007ffe9d6d5000 	D:\jdk-17.0.3.1\bin\java.dll

dbghelp: loaded successfully - version: 4.0.5 - missing functions: none
symbol engine: initialized successfully - sym options: 0x614 - pdb path: .;D:\jdk-17.0.3.1\bin;C:\windows\SYSTEM32;C:\windows\WinSxS\amd64_microsoft.windows.common-controls_6595b64144ccf1df_6.0.19041.1110_none_60b5254171f9507e;D:\jdk-17.0.3.1\bin\server

VM Arguments:
jvm_args: -javaagent:D:\ideaIC-2022.1.win\lib\idea_rt.jar=61421:D:\ideaIC-2022.1.win\bin -Dfile.encoding=UTF-8 
java_command: com.itheima.App
java_class_path (initial): D:\2022.js\´úÂë\µÚ3ÕÂ\server-action\target\classes;C:\Users\Lenovo\.m2\repository\org\springframework\boot\spring-boot-starter-web\2.7.0\spring-boot-starter-web-2.7.0.jar;C:\Users\Lenovo\.m2\repository\org\springframework\boot\spring-boot-starter\2.7.0\spring-boot-starter-2.7.0.jar;C:\Users\Lenovo\.m2\repository\org\springframework\boot\spring-boot-starter-logging\2.7.0\spring-boot-starter-logging-2.7.0.jar;C:\Users\Lenovo\.m2\repository\ch\qos\logback\logback-classic\1.2.11\logback-classic-1.2.11.jar;C:\Users\Lenovo\.m2\repository\ch\qos\logback\logback-core\1.2.11\logback-core-1.2.11.jar;C:\Users\Lenovo\.m2\repository\org\apache\logging\log4j\log4j-to-slf4j\2.17.2\log4j-to-slf4j-2.17.2.jar;C:\Users\Lenovo\.m2\repository\org\apache\logging\log4j\log4j-api\2.17.2\log4j-api-2.17.2.jar;C:\Users\Lenovo\.m2\repository\org\slf4j\jul-to-slf4j\1.7.36\jul-to-slf4j-1.7.36.jar;C:\Users\Lenovo\.m2\repository\jakarta\annotation\jakarta.annotation-api\1.3.5\jakarta.annotation-api-1.3.5.jar;C:\Users\Lenovo\.m2\repository\org\yaml\snakeyaml\1.30\snakeyaml-1.30.jar;C:\Users\Lenovo\.m2\repository\org\springframework\boot\spring-boot-starter-json\2.7.0\spring-boot-starter-json-2.7.0.jar;C:\Users\Lenovo\.m2\repository\com\fasterxml\jackson\datatype\jackson-datatype-jdk8\2.13.3\jackson-datatype-jdk8-2.13.3.jar;C:\Users\Lenovo\.m2\repository\com\fasterxml\jackson\datatype\jackson-datatype-jsr310\2.13.3\jackson-datatype-jsr310-2.13.3.jar;C:\Users\Lenovo\.m2\repository\com\fasterxml\jackson\module\jackson-module-parameter-names\2.13.3\jackson-module-parameter-names-2.13.3.jar;C:\Users\Lenovo\.m2\repository\org\springframework\boot\spring-boot-starter-tomcat\2.7.0\spring-boot-starter-tomcat-2.7.0.jar;C:\Users\Lenovo\.m2\repository\org\apache\tomcat\embed\tomcat-embed-core\9.0.63\tomcat-embed-core-9.0.63.jar;C:\Users\Lenovo\.m2\repository\org\apache\tomcat\embed\tomcat-embed-el\9.0.63\tomcat-embed-el-9.0.63.jar;C:\Users\Lenovo\.m2\repository\org\apache\tomcat\em
Launcher Type: SUN_STANDARD

[Global flags]
     intx CICompilerCount                          = 4                                         {product} {ergonomic}
     uint ConcGCThreads                            = 2                                         {product} {ergonomic}
     uint G1ConcRefinementThreads                  = 8                                         {product} {ergonomic}
   size_t G1HeapRegionSize                         = 2097152                                   {product} {ergonomic}
    uintx GCDrainStackTargetSize                   = 64                                        {product} {ergonomic}
   size_t InitialHeapSize                          = 266338304                                 {product} {ergonomic}
   size_t MarkStackSize                            = 4194304                                   {product} {ergonomic}
   size_t MaxHeapSize                              = 4229955584                                {product} {ergonomic}
   size_t MinHeapDeltaBytes                        = 2097152                                   {product} {ergonomic}
   size_t MinHeapSize                              = 8388608                                   {product} {ergonomic}
    uintx NonNMethodCodeHeapSize                   = 5839372                                {pd product} {ergonomic}
    uintx NonProfiledCodeHeapSize                  = 122909434                              {pd product} {ergonomic}
    uintx ProfiledCodeHeapSize                     = 122909434                              {pd product} {ergonomic}
    uintx ReservedCodeCacheSize                    = 251658240                              {pd product} {ergonomic}
     bool SegmentedCodeCache                       = true                                      {product} {ergonomic}
   size_t SoftMaxHeapSize                          = 4229955584                             {manageable} {ergonomic}
     bool UseCompressedClassPointers               = true                           {product lp64_product} {ergonomic}
     bool UseCompressedOops                        = true                           {product lp64_product} {ergonomic}
     bool UseG1GC                                  = true                                      {product} {ergonomic}
     bool UseLargePagesIndividualAllocation        = false                                  {pd product} {ergonomic}

Logging:
Log output configuration:
 #0: stdout all=warning uptime,level,tags
 #1: stderr all=off uptime,level,tags

Environment Variables:
PATH=C:\Windows\system32;C:\Windows;C:\Windows\System32\Wbem;C:\Windows\System32\WindowsPowerShell\v1.0\;C:\Windows\System32\OpenSSH\;C:\Program Files\Git\cmd;D:\ffmpeg\bin;C:\Program Files\dotnet\;D:\ideaIC-2022.1.win\bin;D:\ideaIC-2022.1.win\plugins\maven\lib\maven3\bin;D:\jdk-17.0.3.1\bin;D:\mysql-8.0.29-winx64\bin;d:\nvm;d:\nodejs;D:\nodejs;C:\Users\Lenovo\AppData\Local\Microsoft\WindowsApps;C:\Users\Lenovo\AppData\Local\Programs\Microsoft VS Code\bin
USERNAME=Lenovo
OS=Windows_NT
PROCESSOR_IDENTIFIER=Intel64 Family 6 Model 142 Stepping 12, GenuineIntel



---------------  S Y S T E M  ---------------

OS:
 Windows 10 , 64 bit Build 19041 (10.0.19041.1889)
OS uptime: 16 days 8:38 hours
Hyper-V role detected

CPU: total 8 (initial active 8) (4 cores per cpu, 2 threads per core) family 6 model 142 stepping 12 microcode 0xd6, cx8, cmov, fxsr, ht, mmx, 3dnowpref, sse, sse2, sse3, ssse3, sse4.1, sse4.2, popcnt, lzcnt, tsc, tscinvbit, avx, avx2, aes, erms, clmul, bmi1, bmi2, adx, fma, vzeroupper, clflush, clflushopt, hv

Memory: 4k page, system-wide physical 16135M (1652M free)
TotalPageFile size 28937M (AvailPageFile size 237M)
current process WorkingSet (physical memory assigned to process): 10M, peak: 10M
current process commit charge ("private bytes"): 60M, peak: 314M

vm_info: Java HotSpot(TM) 64-Bit Server VM (17.0.3.1+2-LTS-6) for windows-amd64 JRE (17.0.3.1+2-LTS-6), built on Apr 25 2022 22:04:21 by "mach5one" with MS VC++ 16.8 / 16.9 (VS2019)

END.
